2025-05-27 08:53:08,753 INFO: ✅ Loaded imposter: Products [in /home/sam/PycharmProjects/mockplant/services/loading_service.py:113]
2025-05-27 08:53:08,755 INFO: ✅ Loaded imposter: Orders [in /home/sam/PycharmProjects/mockplant/services/loading_service.py:113]
2025-05-27 08:53:08,757 INFO: ✅ Loaded imposter: Orders2 [in /home/sam/PycharmProjects/mockplant/services/loading_service.py:113]
2025-05-27 08:53:08,763 INFO: ✅ Loaded imposter: ContentTypeTest [in /home/sam/PycharmProjects/mockplant/services/loading_service.py:113]
2025-05-27 08:53:08,765 INFO: ✅ Loaded imposter: Users [in /home/sam/PycharmProjects/mockplant/services/loading_service.py:113]
2025-05-27 08:53:08,767 INFO: ✅ Loaded imposter: Users2 [in /home/sam/PycharmProjects/mockplant/services/loading_service.py:113]
2025-05-27 08:53:08,767 INFO: 🔄 Starting test generation... [in /home/sam/PycharmProjects/mockplant/services/tests_generator_service.py:161]
2025-05-27 08:53:08,768 INFO: ✅ Generated 27 test cases to ./test_suite.json [in /home/sam/PycharmProjects/mockplant/services/tests_generator_service.py:167]
2025-05-27 08:53:08,768 INFO: 📊 Test cases breakdown: [in /home/sam/PycharmProjects/mockplant/services/tests_generator_service.py:168]
2025-05-27 08:53:08,768 INFO:   • Products: 3 test cases [in /home/sam/PycharmProjects/mockplant/services/tests_generator_service.py:171]
2025-05-27 08:53:08,768 INFO:   • Orders: 4 test cases [in /home/sam/PycharmProjects/mockplant/services/tests_generator_service.py:171]
2025-05-27 08:53:08,768 INFO:   • Orders2: 5 test cases [in /home/sam/PycharmProjects/mockplant/services/tests_generator_service.py:171]
2025-05-27 08:53:08,768 INFO:   • ContentTypeTest: 9 test cases [in /home/sam/PycharmProjects/mockplant/services/tests_generator_service.py:171]
2025-05-27 08:53:08,768 INFO:   • Users: 4 test cases [in /home/sam/PycharmProjects/mockplant/services/tests_generator_service.py:171]
2025-05-27 08:53:08,768 INFO:   • Users2: 2 test cases [in /home/sam/PycharmProjects/mockplant/services/tests_generator_service.py:171]
2025-05-27 08:53:08,772 INFO: Logging initialized in Gunicorn worker [in /home/sam/PycharmProjects/mockplant/gunicorn_conf.py:36]
2025-05-27 08:56:27,404 DEBUG: Closing connection.  [in /home/sam/PycharmProjects/mockplant/.venv/lib/python3.12/site-packages/gunicorn/glogging.py:281]
2025-05-27 08:58:07,412 INFO: Worker exiting (pid: 15167) [in /home/sam/PycharmProjects/mockplant/.venv/lib/python3.12/site-packages/gunicorn/glogging.py:278]
2025-05-27 08:58:49,907 INFO: ✅ Loaded imposter: Products [in /home/sam/PycharmProjects/mockplant/services/loading_service.py:112]
2025-05-27 08:58:49,909 INFO: ✅ Loaded imposter: Orders [in /home/sam/PycharmProjects/mockplant/services/loading_service.py:112]
2025-05-27 08:58:49,912 INFO: ✅ Loaded imposter: Orders2 [in /home/sam/PycharmProjects/mockplant/services/loading_service.py:112]
2025-05-27 08:58:49,917 INFO: ✅ Loaded imposter: ContentTypeTest [in /home/sam/PycharmProjects/mockplant/services/loading_service.py:112]
2025-05-27 08:58:49,919 INFO: ✅ Loaded imposter: Users [in /home/sam/PycharmProjects/mockplant/services/loading_service.py:112]
2025-05-27 08:58:49,921 INFO: ✅ Loaded imposter: Users2 [in /home/sam/PycharmProjects/mockplant/services/loading_service.py:112]
2025-05-27 08:58:49,921 INFO: 🔄 Starting test generation... [in /home/sam/PycharmProjects/mockplant/services/tests_generator_service.py:161]
2025-05-27 08:58:49,922 INFO: ✅ Generated 27 test cases to ./test_suite.json [in /home/sam/PycharmProjects/mockplant/services/tests_generator_service.py:167]
2025-05-27 08:58:49,922 INFO: 📊 Test cases breakdown: [in /home/sam/PycharmProjects/mockplant/services/tests_generator_service.py:168]
2025-05-27 08:58:49,922 INFO:   • Products: 3 test cases [in /home/sam/PycharmProjects/mockplant/services/tests_generator_service.py:171]
2025-05-27 08:58:49,922 INFO:   • Orders: 4 test cases [in /home/sam/PycharmProjects/mockplant/services/tests_generator_service.py:171]
2025-05-27 08:58:49,922 INFO:   • Orders2: 5 test cases [in /home/sam/PycharmProjects/mockplant/services/tests_generator_service.py:171]
2025-05-27 08:58:49,922 INFO:   • ContentTypeTest: 9 test cases [in /home/sam/PycharmProjects/mockplant/services/tests_generator_service.py:171]
2025-05-27 08:58:49,922 INFO:   • Users: 4 test cases [in /home/sam/PycharmProjects/mockplant/services/tests_generator_service.py:171]
2025-05-27 08:58:49,922 INFO:   • Users2: 2 test cases [in /home/sam/PycharmProjects/mockplant/services/tests_generator_service.py:171]
2025-05-27 08:58:49,925 INFO: Logging initialized in Gunicorn worker [in /home/sam/PycharmProjects/mockplant/gunicorn_conf.py:36]
2025-05-27 08:58:57,065 DEBUG: GET / [in /home/sam/PycharmProjects/mockplant/.venv/lib/python3.12/site-packages/gunicorn/glogging.py:281]
2025-05-27 08:58:57,066 INFO: Request: GET http://localhost:5000/ [in /home/sam/PycharmProjects/mockplant/mockplant_http.py:61]
2025-05-27 08:58:57,070 INFO: Response: GET http://localhost:5000/ - 200 OK [in /home/sam/PycharmProjects/mockplant/mockplant_http.py:65]
2025-05-27 08:58:57,140 DEBUG: GET /static/imposter.css [in /home/sam/PycharmProjects/mockplant/.venv/lib/python3.12/site-packages/gunicorn/glogging.py:281]
2025-05-27 08:58:57,141 INFO: Request: GET http://localhost:5000/static/imposter.css [in /home/sam/PycharmProjects/mockplant/mockplant_http.py:61]
2025-05-27 08:58:57,146 DEBUG: GET /static/js/common.js [in /home/sam/PycharmProjects/mockplant/.venv/lib/python3.12/site-packages/gunicorn/glogging.py:281]
2025-05-27 08:58:57,147 INFO: Response: GET http://localhost:5000/static/imposter.css - 304 NOT MODIFIED [in /home/sam/PycharmProjects/mockplant/mockplant_http.py:65]
2025-05-27 08:58:57,147 INFO: Request: GET http://localhost:5000/static/js/common.js [in /home/sam/PycharmProjects/mockplant/mockplant_http.py:61]
2025-05-27 08:58:57,148 INFO: Response: GET http://localhost:5000/static/js/common.js - 304 NOT MODIFIED [in /home/sam/PycharmProjects/mockplant/mockplant_http.py:65]
2025-05-27 08:58:57,149 DEBUG: GET /static/js/api.js [in /home/sam/PycharmProjects/mockplant/.venv/lib/python3.12/site-packages/gunicorn/glogging.py:281]
2025-05-27 08:58:57,149 DEBUG: GET /static/js/utils.js [in /home/sam/PycharmProjects/mockplant/.venv/lib/python3.12/site-packages/gunicorn/glogging.py:281]
2025-05-27 08:58:57,149 INFO: Request: GET http://localhost:5000/static/js/api.js [in /home/sam/PycharmProjects/mockplant/mockplant_http.py:61]
2025-05-27 08:58:57,149 INFO: Request: GET http://localhost:5000/static/js/utils.js [in /home/sam/PycharmProjects/mockplant/mockplant_http.py:61]
2025-05-27 08:58:57,150 INFO: Response: GET http://localhost:5000/static/js/utils.js - 304 NOT MODIFIED [in /home/sam/PycharmProjects/mockplant/mockplant_http.py:65]
2025-05-27 08:58:57,150 INFO: Response: GET http://localhost:5000/static/js/api.js - 304 NOT MODIFIED [in /home/sam/PycharmProjects/mockplant/mockplant_http.py:65]
2025-05-27 08:58:57,151 DEBUG: GET /static/imposter.js [in /home/sam/PycharmProjects/mockplant/.venv/lib/python3.12/site-packages/gunicorn/glogging.py:281]
2025-05-27 08:58:57,151 INFO: Request: GET http://localhost:5000/static/imposter.js [in /home/sam/PycharmProjects/mockplant/mockplant_http.py:61]
2025-05-27 08:58:57,152 INFO: Response: GET http://localhost:5000/static/imposter.js - 304 NOT MODIFIED [in /home/sam/PycharmProjects/mockplant/mockplant_http.py:65]
2025-05-27 08:58:57,218 DEBUG: GET /_imposters [in /home/sam/PycharmProjects/mockplant/.venv/lib/python3.12/site-packages/gunicorn/glogging.py:281]
2025-05-27 08:58:57,219 INFO: Request: GET http://localhost:5000/_imposters [in /home/sam/PycharmProjects/mockplant/mockplant_http.py:61]
2025-05-27 08:58:57,219 INFO: Response: GET http://localhost:5000/_imposters - 200 OK [in /home/sam/PycharmProjects/mockplant/mockplant_http.py:65]
2025-05-27 08:59:05,332 INFO: Worker exiting (pid: 15829) [in /home/sam/PycharmProjects/mockplant/.venv/lib/python3.12/site-packages/gunicorn/glogging.py:278]
2025-05-27 08:59:06,748 INFO: ✅ Loaded imposter: Products [in /home/sam/PycharmProjects/mockplant/services/loading_service.py:112]
2025-05-27 08:59:06,750 INFO: ✅ Loaded imposter: Orders [in /home/sam/PycharmProjects/mockplant/services/loading_service.py:112]
2025-05-27 08:59:06,753 INFO: ✅ Loaded imposter: Orders2 [in /home/sam/PycharmProjects/mockplant/services/loading_service.py:112]
2025-05-27 08:59:06,759 INFO: ✅ Loaded imposter: ContentTypeTest [in /home/sam/PycharmProjects/mockplant/services/loading_service.py:112]
2025-05-27 08:59:06,761 INFO: ✅ Loaded imposter: Users [in /home/sam/PycharmProjects/mockplant/services/loading_service.py:112]
2025-05-27 08:59:06,763 INFO: ✅ Loaded imposter: Users2 [in /home/sam/PycharmProjects/mockplant/services/loading_service.py:112]
2025-05-27 08:59:06,763 INFO: 🔄 Starting test generation... [in /home/sam/PycharmProjects/mockplant/services/tests_generator_service.py:161]
2025-05-27 08:59:06,764 INFO: ✅ Generated 27 test cases to ./test_suite.json [in /home/sam/PycharmProjects/mockplant/services/tests_generator_service.py:167]
2025-05-27 08:59:06,764 INFO: 📊 Test cases breakdown: [in /home/sam/PycharmProjects/mockplant/services/tests_generator_service.py:168]
2025-05-27 08:59:06,764 INFO:   • Products: 3 test cases [in /home/sam/PycharmProjects/mockplant/services/tests_generator_service.py:171]
2025-05-27 08:59:06,764 INFO:   • Orders: 4 test cases [in /home/sam/PycharmProjects/mockplant/services/tests_generator_service.py:171]
2025-05-27 08:59:06,764 INFO:   • Orders2: 5 test cases [in /home/sam/PycharmProjects/mockplant/services/tests_generator_service.py:171]
2025-05-27 08:59:06,764 INFO:   • ContentTypeTest: 9 test cases [in /home/sam/PycharmProjects/mockplant/services/tests_generator_service.py:171]
2025-05-27 08:59:06,764 INFO:   • Users: 4 test cases [in /home/sam/PycharmProjects/mockplant/services/tests_generator_service.py:171]
2025-05-27 08:59:06,764 INFO:   • Users2: 2 test cases [in /home/sam/PycharmProjects/mockplant/services/tests_generator_service.py:171]
2025-05-27 08:59:06,768 INFO: Logging initialized in Gunicorn worker [in /home/sam/PycharmProjects/mockplant/gunicorn_conf.py:36]
2025-05-27 08:59:09,978 INFO: Worker exiting (pid: 15934) [in /home/sam/PycharmProjects/mockplant/.venv/lib/python3.12/site-packages/gunicorn/glogging.py:278]
